2025-01-18 15:55:05.552 +03:00 [INF] App start
2025-01-18 15:56:51.153 +03:00 [INF] App start
2025-01-18 15:57:21.210 +03:00 [INF] App start
2025-01-18 16:02:04.525 +03:00 [INF] App start
2025-01-18 16:02:15.269 +03:00 [INF] All Good Code here
2025-01-18 16:05:12.706 +03:00 [INF] App start
2025-01-18 16:05:15.339 +03:00 [INF] All Good Code here for user:7454368537
2025-01-18 16:58:26.654 +03:00 [INF] App start
2025-01-18 16:58:28.336 +03:00 [INF] user0 didnt subscribe
2025-01-18 16:58:32.029 +03:00 [INF] user0 didnt subscribe
2025-01-18 17:01:37.327 +03:00 [INF] All Good Code here for user:7454368537
2025-01-18 17:03:10.210 +03:00 [INF] All Good Code here for user:7454368537
2025-01-18 17:13:32.189 +03:00 [INF] App start
2025-01-18 17:15:58.904 +03:00 [INF] All Good Code here for user:7454368537
2025-01-18 17:20:23.258 +03:00 [INF] All Good Code here for user:7454368537
2025-01-18 17:20:23.435 +03:00 [INF] All Good Code here for user:7454368537
2025-01-18 17:20:23.746 +03:00 [INF] All Good Code here for user:7454368537
2025-01-18 17:20:24.010 +03:00 [INF] All Good Code here for user:7454368537
2025-01-18 17:20:24.314 +03:00 [INF] All Good Code here for user:7454368537
2025-01-18 17:20:25.320 +03:00 [INF] All Good Code here for user:7454368537
2025-01-18 17:20:25.372 +03:00 [INF] All Good Code here for user:7454368537
2025-01-18 17:20:25.430 +03:00 [INF] All Good Code here for user:7454368537
2025-01-18 17:20:26.017 +03:00 [INF] All Good Code here for user:7454368537
2025-01-18 17:20:26.504 +03:00 [INF] All Good Code here for user:7454368537
2025-01-18 17:20:26.508 +03:00 [INF] All Good Code here for user:7454368537
2025-01-18 17:20:27.344 +03:00 [INF] All Good Code here for user:7454368537
2025-01-18 17:20:27.485 +03:00 [INF] All Good Code here for user:7454368537
2025-01-18 17:20:27.532 +03:00 [INF] All Good Code here for user:7454368537
2025-01-18 17:20:27.924 +03:00 [INF] All Good Code here for user:7454368537
2025-01-18 17:20:28.216 +03:00 [INF] All Good Code here for user:7454368537
2025-01-19 13:10:50.981 +03:00 [INF] App start
2025-01-19 13:13:44.773 +03:00 [INF] user0 didnt subscribe
2025-01-19 13:15:46.136 +03:00 [INF] All Good Code here for user:7454368537
2025-01-24 11:21:13.178 +03:00 [INF] App start
2025-01-24 11:21:13.922 +03:00 [INF] File path - C:\\Users\\glkru\\RiderProjects\\OTSC_server\\ClassLibrary1\\tools\\AppSettingJsonPhars\\RealSAppSettimgs.json
2025-01-24 11:21:13.923 +03:00 [ERR] Error reading JSON file: File not found: C:\\Users\\glkru\\RiderProjects\\OTSC_server\\ClassLibrary1\\tools\\AppSettingJsonPhars\\RealSAppSettimgs.json
2025-01-24 11:21:13.924 +03:00 [ERR] In ConnectionStringManager File not found: C:\\Users\\glkru\\RiderProjects\\OTSC_server\\ClassLibrary1\\tools\\AppSettingJsonPhars\\RealSAppSettimgs.json
2025-01-24 15:48:27.768 +03:00 [INF] App start
2025-01-24 15:48:28.400 +03:00 [INF] File path - C:\\Users\\glkru\\RiderProjects\\OTSC_server\\ClassLibrary1\\tools\\AppSettingJsonPhars\\RealSAppSettimgs.json
2025-01-24 15:48:28.401 +03:00 [ERR] Error reading JSON file: File not found: C:\\Users\\glkru\\RiderProjects\\OTSC_server\\ClassLibrary1\\tools\\AppSettingJsonPhars\\RealSAppSettimgs.json
2025-01-24 15:48:28.401 +03:00 [ERR] In ConnectionStringManager File not found: C:\\Users\\glkru\\RiderProjects\\OTSC_server\\ClassLibrary1\\tools\\AppSettingJsonPhars\\RealSAppSettimgs.json
2025-01-24 15:49:08.686 +03:00 [INF] App start
2025-01-24 15:49:09.276 +03:00 [INF] json content:{
    "serverSetings": {
        "Server": "5.144.179.242",
        "Port": 4000,
        "Database": "Users",
        "User": "Gleb_project",
        "Password": "Gtybc001"
    },
    "emailSetings": {
        "SmtpServer": "smtp.gmail.com",
        "SmtpPort": 587,
        "SenderEmail": "ldsloop.dkod@gmail.com",
        "SenderPassword": "zdav hjlk qzcr ofsj"
    },
    "botSettings" : "7956821282:AAGfyHzlWYx4hg82r6dwbgTfhH8mX63PCFs"
}
2025-01-24 15:49:09.833 +03:00 [ERR] Объект успешно десериализован: SmtpServer: smtp.gmail.com, SmtpPort: 587, SenderEmail: ldsloop.dkod@gmail.com, SenderPassword: zdav hjlk qzcr ofsj5.144.179.242, 4000, Users, Gleb_project, Gtybc001
2025-01-24 15:49:09.834 +03:00 [INF] deserializedObject T typeSmtpServer: smtp.gmail.com, SmtpPort: 587, SenderEmail: ldsloop.dkod@gmail.com, SenderPassword: zdav hjlk qzcr ofsj5.144.179.242, 4000, Users, Gleb_project, Gtybc001
2025-01-24 15:49:09.834 +03:00 [INF] JsonReaderForConfig:      Deserialized object: SmtpServer: smtp.gmail.com, SmtpPort: 587, SenderEmail: ldsloop.dkod@gmail.com, SenderPassword: zdav hjlk qzcr ofsj5.144.179.242, 4000, Users, Gleb_project, Gtybc001
2025-01-24 15:49:09.834 +03:00 [INF] ConnectionStringManager: settings:SmtpServer: smtp.gmail.com, SmtpPort: 587, SenderEmail: ldsloop.dkod@gmail.com, SenderPassword: zdav hjlk qzcr ofsj5.144.179.242, 4000, Users, Gleb_project, Gtybc001
